<?xml version="1.0" encoding="UTF-8"?>
<!-- Generated by org.testng.reporters.JUnitXMLReporter -->
<testsuite ignored="0" hostname="Sasi" failures="1" tests="1" name="Test" time="2.047" errors="0" timestamp="2022-11-15T17:27:02 IST">
  <testcase classname="TestScripts_1.Open_Account_TestScript1" name="openAccount" time="0.005">
    <failure type="java.lang.NullPointerException">
      <![CDATA[java.lang.NullPointerException
at com.Online_Banking.Banking.GenericLibraries.ListnerImplementationClass.onTestStart(ListnerImplementationClass.java:25)
at java.base/java.util.ArrayList.forEach(ArrayList.java:1541)
... Removed 24 stack frames]]>
    </failure>
  </testcase> <!-- openAccount -->
</testsuite> <!-- Test -->
